#! /c/Source/iverilog-install/bin/vvp
:ivl_version "12.0 (devel)" "(s20150603-1539-g2693dd32b)";
:ivl_delay_selection "TYPICAL";
:vpi_time_precision + 0;
:vpi_module "C:\iverilog\lib\ivl\system.vpi";
:vpi_module "C:\iverilog\lib\ivl\vhdl_sys.vpi";
:vpi_module "C:\iverilog\lib\ivl\vhdl_textio.vpi";
:vpi_module "C:\iverilog\lib\ivl\v2005_math.vpi";
:vpi_module "C:\iverilog\lib\ivl\va_math.vpi";
S_0000022858d5aa20 .scope module, "immediateGenerationUnit_tb" "immediateGenerationUnit_tb" 2 1;
 .timescale 0 0;
v0000022858db94d0_0 .net/s "immediate", 63 0, v0000022858d551f0_0;  1 drivers
v0000022858db8d50_0 .var "instruction", 31 0;
S_0000022858d42f50 .scope module, "UUT" "immediateGenerationUnit" 2 5, 3 3 0, S_0000022858d5aa20;
 .timescale 0 0;
    .port_info 0 /INPUT 32 "instruction";
    .port_info 1 /OUTPUT 64 "immediate";
L_0000022858dc1330/0/0 .functor AND 1, L_0000022858dc0c30, L_0000022858dc0610, L_0000022858dc1020, L_0000022858dc1250;
L_0000022858dc1330/0/4 .functor AND 1, L_0000022858dc0ae0, L_0000022858dbfb10, L_0000022858dc00b0, C4<1>;
L_0000022858dc1330 .functor AND 1, L_0000022858dc1330/0/0, L_0000022858dc1330/0/4, C4<1>, C4<1>;
L_0000022858dc0c30 .functor NOT 1, L_0000022858dc0010, C4<0>, C4<0>, C4<0>;
L_0000022858dc0610 .functor NOT 1, L_0000022858dbef30, C4<0>, C4<0>, C4<0>;
L_0000022858dc1020 .functor NOT 1, L_0000022858dbefd0, C4<0>, C4<0>, C4<0>;
L_0000022858dc1250 .functor NOT 1, L_0000022858dbe490, C4<0>, C4<0>, C4<0>;
L_0000022858dc0ae0 .functor NOT 1, L_0000022858dc0150, C4<0>, C4<0>, C4<0>;
L_0000022858dc0b50/0/0 .functor AND 1, L_0000022858dc0840, L_0000022858dc0fb0, L_0000022858dbf110, L_0000022858dc12c0;
L_0000022858dc0b50/0/4 .functor AND 1, L_0000022858dc0ca0, L_0000022858dbe3f0, L_0000022858dbe350, C4<1>;
L_0000022858dc0b50 .functor AND 1, L_0000022858dc0b50/0/0, L_0000022858dc0b50/0/4, C4<1>, C4<1>;
L_0000022858dc0840 .functor NOT 1, L_0000022858dbf4d0, C4<0>, C4<0>, C4<0>;
L_0000022858dc0fb0 .functor NOT 1, L_0000022858dbe530, C4<0>, C4<0>, C4<0>;
L_0000022858dc12c0 .functor NOT 1, L_0000022858dbe5d0, C4<0>, C4<0>, C4<0>;
L_0000022858dc0ca0 .functor NOT 1, L_0000022858dbf9d0, C4<0>, C4<0>, C4<0>;
L_0000022858dc0df0/0/0 .functor AND 1, L_0000022858dc0d10, L_0000022858dbf6b0, L_0000022858dc0bc0, L_0000022858dc0d80;
L_0000022858dc0df0/0/4 .functor AND 1, L_0000022858dc05a0, L_0000022858dbeb70, L_0000022858dbf250, C4<1>;
L_0000022858dc0df0 .functor NAND 1, L_0000022858dc0df0/0/0, L_0000022858dc0df0/0/4, C4<1>, C4<1>;
L_0000022858dc0d10 .functor NOT 1, L_0000022858dbf1b0, C4<0>, C4<0>, C4<0>;
L_0000022858dc0bc0 .functor NOT 1, L_0000022858dbfcf0, C4<0>, C4<0>, C4<0>;
L_0000022858dc0d80 .functor NOT 1, L_0000022858dbfc50, C4<0>, C4<0>, C4<0>;
L_0000022858dc05a0 .functor NOT 1, L_0000022858dbfd90, C4<0>, C4<0>, C4<0>;
L_0000022858dc0e60 .functor NOR 1, L_0000022858dc1330, L_0000022858dc0b50, L_0000022858dc0df0, C4<0>;
L_0000022858dc0ed0/0/0 .functor AND 1, L_0000022858dbe7b0, L_0000022858dbe850, L_0000022858dc0990, L_0000022858dc06f0;
L_0000022858dc0ed0/0/4 .functor AND 1, L_0000022858dc0f40, L_0000022858dbf890, L_0000022858dbec10, C4<1>;
L_0000022858dc0ed0 .functor AND 1, L_0000022858dc0ed0/0/0, L_0000022858dc0ed0/0/4, C4<1>, C4<1>;
L_0000022858dc0990 .functor NOT 1, L_0000022858dbf390, C4<0>, C4<0>, C4<0>;
L_0000022858dc06f0 .functor NOT 1, L_0000022858dbe8f0, C4<0>, C4<0>, C4<0>;
L_0000022858dc0f40 .functor NOT 1, L_0000022858dbe990, C4<0>, C4<0>, C4<0>;
v0000022858d54250_0 .net "BTypeImmediate", 11 0, L_0000022858dbf070;  1 drivers
v0000022858d53f30_0 .net "LWandAddiTypeImmediate", 11 0, L_0000022858dbc520;  1 drivers
v0000022858d55830_0 .net "SWTypeImmediate", 11 0, L_0000022858dbfed0;  1 drivers
v0000022858d55290_0 .net *"_ivl_1", 0 0, L_0000022858db9890;  1 drivers
v0000022858d549d0_0 .net *"_ivl_101", 0 0, L_0000022858dbb120;  1 drivers
v0000022858d555b0_0 .net *"_ivl_107", 6 0, L_0000022858dbc5c0;  1 drivers
v0000022858d558d0_0 .net *"_ivl_109", 4 0, L_0000022858dbe2b0;  1 drivers
v0000022858d54750_0 .net *"_ivl_11", 0 0, L_0000022858dbc700;  1 drivers
v0000022858d53fd0_0 .net *"_ivl_113", 0 0, L_0000022858dbf7f0;  1 drivers
v0000022858d54c50_0 .net *"_ivl_115", 0 0, L_0000022858dbfbb0;  1 drivers
v0000022858d54e30_0 .net *"_ivl_117", 5 0, L_0000022858dbe670;  1 drivers
v0000022858d54110_0 .net *"_ivl_119", 3 0, L_0000022858dbe710;  1 drivers
v0000022858d55470_0 .net *"_ivl_124", 0 0, L_0000022858dc0010;  1 drivers
v0000022858d55510_0 .net *"_ivl_125", 0 0, L_0000022858dc0c30;  1 drivers
v0000022858d547f0_0 .net *"_ivl_128", 0 0, L_0000022858dbef30;  1 drivers
v0000022858d54430_0 .net *"_ivl_129", 0 0, L_0000022858dc0610;  1 drivers
v0000022858d55970_0 .net *"_ivl_13", 0 0, L_0000022858dbbf80;  1 drivers
v0000022858d54ed0_0 .net *"_ivl_132", 0 0, L_0000022858dbefd0;  1 drivers
v0000022858d542f0_0 .net *"_ivl_133", 0 0, L_0000022858dc1020;  1 drivers
v0000022858d55650_0 .net *"_ivl_136", 0 0, L_0000022858dbe490;  1 drivers
v0000022858d53c10_0 .net *"_ivl_137", 0 0, L_0000022858dc1250;  1 drivers
v0000022858d54390_0 .net *"_ivl_140", 0 0, L_0000022858dc0150;  1 drivers
v0000022858d53b70_0 .net *"_ivl_141", 0 0, L_0000022858dc0ae0;  1 drivers
v0000022858d546b0_0 .net *"_ivl_144", 0 0, L_0000022858dbfb10;  1 drivers
v0000022858db6120_0 .net *"_ivl_146", 0 0, L_0000022858dc00b0;  1 drivers
v0000022858db6da0_0 .net *"_ivl_149", 0 0, L_0000022858dbf4d0;  1 drivers
v0000022858db7660_0 .net *"_ivl_15", 0 0, L_0000022858dbb6c0;  1 drivers
v0000022858db6ee0_0 .net *"_ivl_150", 0 0, L_0000022858dc0840;  1 drivers
v0000022858db75c0_0 .net *"_ivl_153", 0 0, L_0000022858dbe530;  1 drivers
v0000022858db6e40_0 .net *"_ivl_154", 0 0, L_0000022858dc0fb0;  1 drivers
v0000022858db7520_0 .net *"_ivl_157", 0 0, L_0000022858dbf110;  1 drivers
v0000022858db6800_0 .net *"_ivl_159", 0 0, L_0000022858dbe5d0;  1 drivers
v0000022858db7700_0 .net *"_ivl_160", 0 0, L_0000022858dc12c0;  1 drivers
v0000022858db6620_0 .net *"_ivl_163", 0 0, L_0000022858dbf9d0;  1 drivers
v0000022858db6440_0 .net *"_ivl_164", 0 0, L_0000022858dc0ca0;  1 drivers
v0000022858db78e0_0 .net *"_ivl_167", 0 0, L_0000022858dbe3f0;  1 drivers
v0000022858db7340_0 .net *"_ivl_169", 0 0, L_0000022858dbe350;  1 drivers
v0000022858db64e0_0 .net *"_ivl_17", 0 0, L_0000022858dbc3e0;  1 drivers
v0000022858db77a0_0 .net *"_ivl_172", 0 0, L_0000022858dbf1b0;  1 drivers
v0000022858db73e0_0 .net *"_ivl_173", 0 0, L_0000022858dc0d10;  1 drivers
v0000022858db7d40_0 .net *"_ivl_176", 0 0, L_0000022858dbf6b0;  1 drivers
v0000022858db6580_0 .net *"_ivl_178", 0 0, L_0000022858dbfcf0;  1 drivers
v0000022858db6a80_0 .net *"_ivl_179", 0 0, L_0000022858dc0bc0;  1 drivers
v0000022858db63a0_0 .net *"_ivl_182", 0 0, L_0000022858dbfc50;  1 drivers
v0000022858db72a0_0 .net *"_ivl_183", 0 0, L_0000022858dc0d80;  1 drivers
v0000022858db6b20_0 .net *"_ivl_186", 0 0, L_0000022858dbfd90;  1 drivers
v0000022858db7a20_0 .net *"_ivl_187", 0 0, L_0000022858dc05a0;  1 drivers
v0000022858db61c0_0 .net *"_ivl_19", 0 0, L_0000022858dbb940;  1 drivers
v0000022858db7c00_0 .net *"_ivl_190", 0 0, L_0000022858dbeb70;  1 drivers
v0000022858db6f80_0 .net *"_ivl_192", 0 0, L_0000022858dbf250;  1 drivers
v0000022858db7840_0 .net *"_ivl_194", 0 0, L_0000022858dc0e60;  1 drivers
v0000022858db7e80_0 .net *"_ivl_197", 0 0, L_0000022858dc0ed0;  1 drivers
v0000022858db7020_0 .net *"_ivl_201", 0 0, L_0000022858dbe7b0;  1 drivers
v0000022858db69e0_0 .net *"_ivl_203", 0 0, L_0000022858dbe850;  1 drivers
v0000022858db70c0_0 .net *"_ivl_205", 0 0, L_0000022858dbf390;  1 drivers
v0000022858db7480_0 .net *"_ivl_206", 0 0, L_0000022858dc0990;  1 drivers
v0000022858db6d00_0 .net *"_ivl_209", 0 0, L_0000022858dbe8f0;  1 drivers
v0000022858db6080_0 .net *"_ivl_21", 0 0, L_0000022858dbafe0;  1 drivers
v0000022858db7de0_0 .net *"_ivl_210", 0 0, L_0000022858dc06f0;  1 drivers
v0000022858db7160_0 .net *"_ivl_213", 0 0, L_0000022858dbe990;  1 drivers
v0000022858db6940_0 .net *"_ivl_214", 0 0, L_0000022858dc0f40;  1 drivers
v0000022858db7980_0 .net *"_ivl_217", 0 0, L_0000022858dbf890;  1 drivers
v0000022858db7ac0_0 .net *"_ivl_219", 0 0, L_0000022858dbec10;  1 drivers
v0000022858db7b60_0 .net *"_ivl_221", 0 0, L_0000022858dbea30;  1 drivers
v0000022858db7200_0 .net *"_ivl_223", 0 0, L_0000022858dbfe30;  1 drivers
v0000022858db7f20_0 .net *"_ivl_227", 0 0, L_0000022858dbf430;  1 drivers
v0000022858db7ca0_0 .net *"_ivl_23", 0 0, L_0000022858dbc7a0;  1 drivers
v0000022858db6260_0 .net *"_ivl_231", 0 0, L_0000022858dbecb0;  1 drivers
L_0000022858e30088 .functor BUFT 1, C4<0>, C4<0>, C4<0>, C4<0>;
v0000022858db6300_0 .net/2u *"_ivl_234", 0 0, L_0000022858e30088;  1 drivers
v0000022858db66c0_0 .net *"_ivl_25", 0 0, L_0000022858dbb300;  1 drivers
v0000022858db6760_0 .net *"_ivl_27", 0 0, L_0000022858dbbb20;  1 drivers
v0000022858db6c60_0 .net *"_ivl_29", 0 0, L_0000022858dbb260;  1 drivers
v0000022858db6bc0_0 .net *"_ivl_3", 0 0, L_0000022858db9b10;  1 drivers
v0000022858db68a0_0 .net *"_ivl_31", 0 0, L_0000022858dbbc60;  1 drivers
v0000022858dba970_0 .net *"_ivl_33", 0 0, L_0000022858dbb9e0;  1 drivers
v0000022858dba1f0_0 .net *"_ivl_35", 0 0, L_0000022858dbae00;  1 drivers
v0000022858db9f70_0 .net *"_ivl_37", 0 0, L_0000022858dbbd00;  1 drivers
v0000022858db91b0_0 .net *"_ivl_39", 0 0, L_0000022858dbb580;  1 drivers
v0000022858db9bb0_0 .net *"_ivl_41", 0 0, L_0000022858dbc840;  1 drivers
v0000022858dba0b0_0 .net *"_ivl_43", 0 0, L_0000022858dbba80;  1 drivers
v0000022858dbaab0_0 .net *"_ivl_45", 0 0, L_0000022858dbc2a0;  1 drivers
v0000022858db8cb0_0 .net *"_ivl_47", 0 0, L_0000022858dbb800;  1 drivers
v0000022858db9930_0 .net *"_ivl_49", 0 0, L_0000022858dbc8e0;  1 drivers
v0000022858db9570_0 .net *"_ivl_5", 0 0, L_0000022858db92f0;  1 drivers
v0000022858dba150_0 .net *"_ivl_51", 0 0, L_0000022858dbad60;  1 drivers
v0000022858dba8d0_0 .net *"_ivl_53", 0 0, L_0000022858dbc0c0;  1 drivers
v0000022858db8f30_0 .net *"_ivl_55", 0 0, L_0000022858dbb760;  1 drivers
v0000022858dba010_0 .net *"_ivl_57", 0 0, L_0000022858dbcac0;  1 drivers
v0000022858db9610_0 .net *"_ivl_59", 0 0, L_0000022858dbbe40;  1 drivers
v0000022858dba510_0 .net *"_ivl_61", 0 0, L_0000022858dbacc0;  1 drivers
v0000022858dba330_0 .net *"_ivl_63", 0 0, L_0000022858dbb3a0;  1 drivers
v0000022858dbaa10_0 .net *"_ivl_65", 0 0, L_0000022858dbc660;  1 drivers
v0000022858db8df0_0 .net *"_ivl_67", 0 0, L_0000022858dbbda0;  1 drivers
v0000022858db9c50_0 .net *"_ivl_69", 0 0, L_0000022858dbbee0;  1 drivers
v0000022858db9ed0_0 .net *"_ivl_7", 0 0, L_0000022858db9e30;  1 drivers
v0000022858db9070_0 .net *"_ivl_71", 0 0, L_0000022858dbcb60;  1 drivers
v0000022858dba290_0 .net *"_ivl_73", 0 0, L_0000022858dbb440;  1 drivers
v0000022858dba3d0_0 .net *"_ivl_75", 0 0, L_0000022858dbc980;  1 drivers
v0000022858db99d0_0 .net *"_ivl_77", 0 0, L_0000022858dbca20;  1 drivers
v0000022858db96b0_0 .net *"_ivl_79", 0 0, L_0000022858dbaea0;  1 drivers
v0000022858dbab50_0 .net *"_ivl_81", 0 0, L_0000022858dbbbc0;  1 drivers
v0000022858dba470_0 .net *"_ivl_83", 0 0, L_0000022858dbc480;  1 drivers
v0000022858db8e90_0 .net *"_ivl_85", 0 0, L_0000022858dbaf40;  1 drivers
v0000022858dba5b0_0 .net *"_ivl_87", 0 0, L_0000022858dbb4e0;  1 drivers
v0000022858db8fd0_0 .net *"_ivl_89", 0 0, L_0000022858dbb620;  1 drivers
v0000022858db9250_0 .net *"_ivl_9", 0 0, L_0000022858dbb1c0;  1 drivers
v0000022858dba650_0 .net *"_ivl_91", 0 0, L_0000022858dbc020;  1 drivers
v0000022858db9a70_0 .net *"_ivl_93", 0 0, L_0000022858dbc160;  1 drivers
v0000022858db9430_0 .net *"_ivl_95", 0 0, L_0000022858dbb8a0;  1 drivers
v0000022858db9750_0 .net *"_ivl_97", 0 0, L_0000022858dbc200;  1 drivers
v0000022858db9cf0_0 .net *"_ivl_99", 0 0, L_0000022858dbb080;  1 drivers
v0000022858db97f0_0 .net "immediate", 63 0, v0000022858d551f0_0;  alias, 1 drivers
v0000022858dba790_0 .net "instruction", 31 0, v0000022858db8d50_0;  1 drivers
v0000022858db9d90_0 .net "sign", 50 0, L_0000022858dbc340;  1 drivers
v0000022858db9390_0 .net "type", 1 0, L_0000022858dbf2f0;  1 drivers
v0000022858dba6f0_0 .net "wire1", 0 0, L_0000022858dc1330;  1 drivers
v0000022858db9110_0 .net "wire2", 0 0, L_0000022858dc0b50;  1 drivers
v0000022858dba830_0 .net "wire3", 0 0, L_0000022858dc0df0;  1 drivers
L_0000022858db9890 .part v0000022858db8d50_0, 31, 1;
L_0000022858db9b10 .part v0000022858db8d50_0, 31, 1;
L_0000022858db92f0 .part v0000022858db8d50_0, 31, 1;
L_0000022858db9e30 .part v0000022858db8d50_0, 31, 1;
L_0000022858dbb1c0 .part v0000022858db8d50_0, 31, 1;
L_0000022858dbc700 .part v0000022858db8d50_0, 31, 1;
L_0000022858dbbf80 .part v0000022858db8d50_0, 31, 1;
L_0000022858dbb6c0 .part v0000022858db8d50_0, 31, 1;
L_0000022858dbc3e0 .part v0000022858db8d50_0, 31, 1;
L_0000022858dbb940 .part v0000022858db8d50_0, 31, 1;
L_0000022858dbafe0 .part v0000022858db8d50_0, 31, 1;
L_0000022858dbc7a0 .part v0000022858db8d50_0, 31, 1;
L_0000022858dbb300 .part v0000022858db8d50_0, 31, 1;
L_0000022858dbbb20 .part v0000022858db8d50_0, 31, 1;
L_0000022858dbb260 .part v0000022858db8d50_0, 31, 1;
L_0000022858dbbc60 .part v0000022858db8d50_0, 31, 1;
L_0000022858dbb9e0 .part v0000022858db8d50_0, 31, 1;
L_0000022858dbae00 .part v0000022858db8d50_0, 31, 1;
L_0000022858dbbd00 .part v0000022858db8d50_0, 31, 1;
L_0000022858dbb580 .part v0000022858db8d50_0, 31, 1;
L_0000022858dbc840 .part v0000022858db8d50_0, 31, 1;
L_0000022858dbba80 .part v0000022858db8d50_0, 31, 1;
L_0000022858dbc2a0 .part v0000022858db8d50_0, 31, 1;
L_0000022858dbb800 .part v0000022858db8d50_0, 31, 1;
L_0000022858dbc8e0 .part v0000022858db8d50_0, 31, 1;
L_0000022858dbad60 .part v0000022858db8d50_0, 31, 1;
L_0000022858dbc0c0 .part v0000022858db8d50_0, 31, 1;
L_0000022858dbb760 .part v0000022858db8d50_0, 31, 1;
L_0000022858dbcac0 .part v0000022858db8d50_0, 31, 1;
L_0000022858dbbe40 .part v0000022858db8d50_0, 31, 1;
L_0000022858dbacc0 .part v0000022858db8d50_0, 31, 1;
L_0000022858dbb3a0 .part v0000022858db8d50_0, 31, 1;
L_0000022858dbc660 .part v0000022858db8d50_0, 31, 1;
L_0000022858dbbda0 .part v0000022858db8d50_0, 31, 1;
L_0000022858dbbee0 .part v0000022858db8d50_0, 31, 1;
L_0000022858dbcb60 .part v0000022858db8d50_0, 31, 1;
L_0000022858dbb440 .part v0000022858db8d50_0, 31, 1;
L_0000022858dbc980 .part v0000022858db8d50_0, 31, 1;
L_0000022858dbca20 .part v0000022858db8d50_0, 31, 1;
L_0000022858dbaea0 .part v0000022858db8d50_0, 31, 1;
L_0000022858dbbbc0 .part v0000022858db8d50_0, 31, 1;
L_0000022858dbc480 .part v0000022858db8d50_0, 31, 1;
L_0000022858dbaf40 .part v0000022858db8d50_0, 31, 1;
L_0000022858dbb4e0 .part v0000022858db8d50_0, 31, 1;
L_0000022858dbb620 .part v0000022858db8d50_0, 31, 1;
L_0000022858dbc020 .part v0000022858db8d50_0, 31, 1;
L_0000022858dbc160 .part v0000022858db8d50_0, 31, 1;
L_0000022858dbb8a0 .part v0000022858db8d50_0, 31, 1;
L_0000022858dbc200 .part v0000022858db8d50_0, 31, 1;
L_0000022858dbb080 .part v0000022858db8d50_0, 31, 1;
L_0000022858dbb120 .part v0000022858db8d50_0, 31, 1;
LS_0000022858dbc340_0_0 .concat [ 1 1 1 1], L_0000022858dbb120, L_0000022858dbb080, L_0000022858dbc200, L_0000022858dbb8a0;
LS_0000022858dbc340_0_4 .concat [ 1 1 1 1], L_0000022858dbc160, L_0000022858dbc020, L_0000022858dbb620, L_0000022858dbb4e0;
LS_0000022858dbc340_0_8 .concat [ 1 1 1 1], L_0000022858dbaf40, L_0000022858dbc480, L_0000022858dbbbc0, L_0000022858dbaea0;
LS_0000022858dbc340_0_12 .concat [ 1 1 1 1], L_0000022858dbca20, L_0000022858dbc980, L_0000022858dbb440, L_0000022858dbcb60;
LS_0000022858dbc340_0_16 .concat [ 1 1 1 1], L_0000022858dbbee0, L_0000022858dbbda0, L_0000022858dbc660, L_0000022858dbb3a0;
LS_0000022858dbc340_0_20 .concat [ 1 1 1 1], L_0000022858dbacc0, L_0000022858dbbe40, L_0000022858dbcac0, L_0000022858dbb760;
LS_0000022858dbc340_0_24 .concat [ 1 1 1 1], L_0000022858dbc0c0, L_0000022858dbad60, L_0000022858dbc8e0, L_0000022858dbb800;
LS_0000022858dbc340_0_28 .concat [ 1 1 1 1], L_0000022858dbc2a0, L_0000022858dbba80, L_0000022858dbc840, L_0000022858dbb580;
LS_0000022858dbc340_0_32 .concat [ 1 1 1 1], L_0000022858dbbd00, L_0000022858dbae00, L_0000022858dbb9e0, L_0000022858dbbc60;
LS_0000022858dbc340_0_36 .concat [ 1 1 1 1], L_0000022858dbb260, L_0000022858dbbb20, L_0000022858dbb300, L_0000022858dbc7a0;
LS_0000022858dbc340_0_40 .concat [ 1 1 1 1], L_0000022858dbafe0, L_0000022858dbb940, L_0000022858dbc3e0, L_0000022858dbb6c0;
LS_0000022858dbc340_0_44 .concat [ 1 1 1 1], L_0000022858dbbf80, L_0000022858dbc700, L_0000022858dbb1c0, L_0000022858db9e30;
LS_0000022858dbc340_0_48 .concat [ 1 1 1 0], L_0000022858db92f0, L_0000022858db9b10, L_0000022858db9890;
LS_0000022858dbc340_1_0 .concat [ 4 4 4 4], LS_0000022858dbc340_0_0, LS_0000022858dbc340_0_4, LS_0000022858dbc340_0_8, LS_0000022858dbc340_0_12;
LS_0000022858dbc340_1_4 .concat [ 4 4 4 4], LS_0000022858dbc340_0_16, LS_0000022858dbc340_0_20, LS_0000022858dbc340_0_24, LS_0000022858dbc340_0_28;
LS_0000022858dbc340_1_8 .concat [ 4 4 4 4], LS_0000022858dbc340_0_32, LS_0000022858dbc340_0_36, LS_0000022858dbc340_0_40, LS_0000022858dbc340_0_44;
LS_0000022858dbc340_1_12 .concat [ 3 0 0 0], LS_0000022858dbc340_0_48;
L_0000022858dbc340 .concat [ 16 16 16 3], LS_0000022858dbc340_1_0, LS_0000022858dbc340_1_4, LS_0000022858dbc340_1_8, LS_0000022858dbc340_1_12;
L_0000022858dbc520 .part v0000022858db8d50_0, 20, 12;
L_0000022858dbc5c0 .part v0000022858db8d50_0, 25, 7;
L_0000022858dbe2b0 .part v0000022858db8d50_0, 7, 5;
L_0000022858dbfed0 .concat [ 5 7 0 0], L_0000022858dbe2b0, L_0000022858dbc5c0;
L_0000022858dbf7f0 .part v0000022858db8d50_0, 31, 1;
L_0000022858dbfbb0 .part v0000022858db8d50_0, 7, 1;
L_0000022858dbe670 .part v0000022858db8d50_0, 25, 6;
L_0000022858dbe710 .part v0000022858db8d50_0, 8, 4;
L_0000022858dbf070 .concat [ 4 6 1 1], L_0000022858dbe710, L_0000022858dbe670, L_0000022858dbfbb0, L_0000022858dbf7f0;
L_0000022858dc0010 .part v0000022858db8d50_0, 6, 1;
L_0000022858dbef30 .part v0000022858db8d50_0, 5, 1;
L_0000022858dbefd0 .part v0000022858db8d50_0, 4, 1;
L_0000022858dbe490 .part v0000022858db8d50_0, 3, 1;
L_0000022858dc0150 .part v0000022858db8d50_0, 2, 1;
L_0000022858dbfb10 .part v0000022858db8d50_0, 1, 1;
L_0000022858dc00b0 .part v0000022858db8d50_0, 0, 1;
L_0000022858dbf4d0 .part v0000022858db8d50_0, 6, 1;
L_0000022858dbe530 .part v0000022858db8d50_0, 5, 1;
L_0000022858dbf110 .part v0000022858db8d50_0, 4, 1;
L_0000022858dbe5d0 .part v0000022858db8d50_0, 3, 1;
L_0000022858dbf9d0 .part v0000022858db8d50_0, 2, 1;
L_0000022858dbe3f0 .part v0000022858db8d50_0, 1, 1;
L_0000022858dbe350 .part v0000022858db8d50_0, 0, 1;
L_0000022858dbf1b0 .part v0000022858db8d50_0, 6, 1;
L_0000022858dbf6b0 .part v0000022858db8d50_0, 5, 1;
L_0000022858dbfcf0 .part v0000022858db8d50_0, 4, 1;
L_0000022858dbfc50 .part v0000022858db8d50_0, 3, 1;
L_0000022858dbfd90 .part v0000022858db8d50_0, 2, 1;
L_0000022858dbeb70 .part v0000022858db8d50_0, 1, 1;
L_0000022858dbf250 .part v0000022858db8d50_0, 0, 1;
L_0000022858dbf2f0 .concat8 [ 1 1 0 0], L_0000022858dc0e60, L_0000022858dc0ed0;
L_0000022858dbe7b0 .part v0000022858db8d50_0, 6, 1;
L_0000022858dbe850 .part v0000022858db8d50_0, 5, 1;
L_0000022858dbf390 .part v0000022858db8d50_0, 4, 1;
L_0000022858dbe8f0 .part v0000022858db8d50_0, 3, 1;
L_0000022858dbe990 .part v0000022858db8d50_0, 2, 1;
L_0000022858dbf890 .part v0000022858db8d50_0, 1, 1;
L_0000022858dbec10 .part v0000022858db8d50_0, 0, 1;
L_0000022858dbea30 .part L_0000022858dbf2f0, 1, 1;
L_0000022858dbfe30 .part L_0000022858dbf2f0, 0, 1;
L_0000022858dbead0 .concat [ 1 1 0 0], L_0000022858dbfe30, L_0000022858dbea30;
L_0000022858dbf430 .part v0000022858db8d50_0, 31, 1;
L_0000022858dbed50 .concat [ 12 1 51 0], L_0000022858dbc520, L_0000022858dbf430, L_0000022858dbc340;
L_0000022858dbecb0 .part v0000022858db8d50_0, 31, 1;
L_0000022858dbedf0 .concat [ 12 1 51 0], L_0000022858dbfed0, L_0000022858dbecb0, L_0000022858dbc340;
L_0000022858dbf930 .concat [ 1 12 51 0], L_0000022858e30088, L_0000022858dbf070, L_0000022858dbc340;
S_0000022858d430e0 .scope module, "muxImmeadite" "mux_3x1_64bit" 3 65, 4 1 0, S_0000022858d42f50;
 .timescale 0 0;
    .port_info 0 /INPUT 2 "S";
    .port_info 1 /INPUT 64 "A";
    .port_info 2 /INPUT 64 "B";
    .port_info 3 /INPUT 64 "C";
    .port_info 4 /OUTPUT 64 "X";
v0000022858d54f70_0 .net "A", 63 0, L_0000022858dbed50;  1 drivers
v0000022858d544d0_0 .net "B", 63 0, L_0000022858dbedf0;  1 drivers
v0000022858d54cf0_0 .net "C", 63 0, L_0000022858dbf930;  1 drivers
v0000022858d54a70_0 .net "S", 1 0, L_0000022858dbead0;  1 drivers
v0000022858d551f0_0 .var "X", 63 0;
E_0000022858d5b680 .event anyedge, v0000022858d54a70_0, v0000022858d54f70_0, v0000022858d544d0_0, v0000022858d54cf0_0;
    .scope S_0000022858d430e0;
T_0 ;
    %wait E_0000022858d5b680;
    %load/vec4 v0000022858d54a70_0;
    %cmpi/e 0, 0, 2;
    %jmp/0xz  T_0.0, 4;
    %load/vec4 v0000022858d54f70_0;
    %assign/vec4 v0000022858d551f0_0, 0;
    %jmp T_0.1;
T_0.0 ;
    %load/vec4 v0000022858d54a70_0;
    %cmpi/e 1, 0, 2;
    %jmp/0xz  T_0.2, 4;
    %load/vec4 v0000022858d544d0_0;
    %assign/vec4 v0000022858d551f0_0, 0;
    %jmp T_0.3;
T_0.2 ;
    %load/vec4 v0000022858d54a70_0;
    %cmpi/e 2, 0, 2;
    %jmp/0xz  T_0.4, 4;
    %load/vec4 v0000022858d54cf0_0;
    %assign/vec4 v0000022858d551f0_0, 0;
T_0.4 ;
T_0.3 ;
T_0.1 ;
    %jmp T_0;
    .thread T_0, $push;
    .scope S_0000022858d42f50;
T_1 ;
    %vpi_call 3 16 "$dumpfile", "wave.vcd" {0 0 0};
    %vpi_call 3 17 "$dumpvars", 32'sb00000000000000000000000000000000, S_0000022858d42f50 {0 0 0};
    %end;
    .thread T_1;
    .scope S_0000022858d5aa20;
T_2 ;
    %delay 10, 0;
    %pushi/vec4 2097171, 0, 32;
    %store/vec4 v0000022858db8d50_0, 0, 32;
    %delay 10, 0;
    %vpi_call 2 13 "$display", "Imm (addi) = %d", v0000022858db94d0_0 {0 0 0};
    %pushi/vec4 4292870163, 0, 32;
    %store/vec4 v0000022858db8d50_0, 0, 32;
    %delay 10, 0;
    %vpi_call 2 18 "$display", "Imm (addi) = %d", v0000022858db94d0_0 {0 0 0};
    %pushi/vec4 4202499, 0, 32;
    %store/vec4 v0000022858db8d50_0, 0, 32;
    %delay 10, 0;
    %vpi_call 2 23 "$display", "Imm (lw) = %d", v0000022858db94d0_0 {0 0 0};
    %pushi/vec4 4290781187, 0, 32;
    %store/vec4 v0000022858db8d50_0, 0, 32;
    %delay 10, 0;
    %vpi_call 2 28 "$display", "Imm (lw) = %d", v0000022858db94d0_0 {0 0 0};
    %pushi/vec4 9251, 0, 32;
    %store/vec4 v0000022858db8d50_0, 0, 32;
    %delay 10, 0;
    %vpi_call 2 33 "$display", "Imm (sw) = %d", v0000022858db94d0_0 {0 0 0};
    %pushi/vec4 4261424163, 0, 32;
    %store/vec4 v0000022858db8d50_0, 0, 32;
    %delay 10, 0;
    %vpi_call 2 38 "$display", "Imm (sw) = %d", v0000022858db94d0_0 {0 0 0};
    %pushi/vec4 2147, 0, 32;
    %store/vec4 v0000022858db8d50_0, 0, 32;
    %delay 10, 0;
    %vpi_call 2 43 "$display", "Imm (b) = %d", v0000022858db94d0_0 {0 0 0};
    %pushi/vec4 4261415139, 0, 32;
    %store/vec4 v0000022858db8d50_0, 0, 32;
    %delay 10, 0;
    %vpi_call 2 48 "$display", "Imm (b) = %d", v0000022858db94d0_0 {0 0 0};
    %vpi_call 2 50 "$finish" {0 0 0};
    %end;
    .thread T_2;
# The file index is used to find the file name in the following table.
:file_names 5;
    "N/A";
    "<interactive>";
    "immediateGenerationUnit_tb.v";
    "immediateGenerationUnit.v";
    "./mux_3x1_64bit.v";
