#! /c/Source/iverilog-install/bin/vvp
:ivl_version "12.0 (devel)" "(s20150603-1539-g2693dd32b)";
:ivl_delay_selection "TYPICAL";
:vpi_time_precision + 0;
:vpi_module "C:\iverilog\lib\ivl\system.vpi";
:vpi_module "C:\iverilog\lib\ivl\vhdl_sys.vpi";
:vpi_module "C:\iverilog\lib\ivl\vhdl_textio.vpi";
:vpi_module "C:\iverilog\lib\ivl\v2005_math.vpi";
:vpi_module "C:\iverilog\lib\ivl\va_math.vpi";
S_000002022ede6010 .scope module, "InstructionMemory" "InstructionMemory" 2 1;
 .timescale 0 0;
    .port_info 0 /INPUT 64 "endereco";
    .port_info 1 /OUTPUT 32 "read_data";
v000002022ede61a0 .array "Memory", 0 255, 7 0;
v000002022ede6240_0 .net *"_ivl_0", 7 0, L_000002022effcfa0;  1 drivers
v000002022ede62e0_0 .net *"_ivl_10", 63 0, L_000002022effd4a0;  1 drivers
v000002022ede6380_0 .net *"_ivl_12", 7 0, L_000002022effcf00;  1 drivers
L_000002022effdf58 .functor BUFT 1, C4<0000000000000000000000000000000000000000000000000000000000000001>, C4<0>, C4<0>, C4<0>;
v000002022ede6420_0 .net/2u *"_ivl_14", 63 0, L_000002022effdf58;  1 drivers
v000002022effcc30_0 .net *"_ivl_16", 63 0, L_000002022effde00;  1 drivers
v000002022effccd0_0 .net *"_ivl_18", 7 0, L_000002022effd5e0;  1 drivers
L_000002022effdec8 .functor BUFT 1, C4<0000000000000000000000000000000000000000000000000000000000000011>, C4<0>, C4<0>, C4<0>;
v000002022effcd70_0 .net/2u *"_ivl_2", 63 0, L_000002022effdec8;  1 drivers
L_000002022effdfa0 .functor BUFT 1, C4<0000000000000000000000000000000000000000000000000000000000000000>, C4<0>, C4<0>, C4<0>;
v000002022effce10_0 .net/2u *"_ivl_20", 63 0, L_000002022effdfa0;  1 drivers
v000002022effd180_0 .net *"_ivl_22", 63 0, L_000002022effd860;  1 drivers
v000002022effd680_0 .net *"_ivl_4", 63 0, L_000002022effdb80;  1 drivers
v000002022effd540_0 .net *"_ivl_6", 7 0, L_000002022effd7c0;  1 drivers
L_000002022effdf10 .functor BUFT 1, C4<0000000000000000000000000000000000000000000000000000000000000010>, C4<0>, C4<0>, C4<0>;
v000002022effd0e0_0 .net/2u *"_ivl_8", 63 0, L_000002022effdf10;  1 drivers
o000002022efac1f8 .functor BUFZ 64, C4<zzzzzzzzzzzzzzzzzzzzzzzzzzzzzzzzzzzzzzzzzzzzzzzzzzzzzzzzzzzzzzzz>; HiZ drive
v000002022effd220_0 .net "endereco", 63 0, o000002022efac1f8;  0 drivers
v000002022effd720_0 .net "read_data", 31 0, L_000002022effdc20;  1 drivers
L_000002022effcfa0 .array/port v000002022ede61a0, L_000002022effdb80;
L_000002022effdb80 .arith/sum 64, o000002022efac1f8, L_000002022effdec8;
L_000002022effd7c0 .array/port v000002022ede61a0, L_000002022effd4a0;
L_000002022effd4a0 .arith/sum 64, o000002022efac1f8, L_000002022effdf10;
L_000002022effcf00 .array/port v000002022ede61a0, L_000002022effde00;
L_000002022effde00 .arith/sum 64, o000002022efac1f8, L_000002022effdf58;
L_000002022effd5e0 .array/port v000002022ede61a0, L_000002022effd860;
L_000002022effd860 .arith/sum 64, o000002022efac1f8, L_000002022effdfa0;
L_000002022effdc20 .concat [ 8 8 8 8], L_000002022effd5e0, L_000002022effcf00, L_000002022effd7c0, L_000002022effcfa0;
    .scope S_000002022ede6010;
T_0 ;
    %pushi/vec4 131, 0, 8;
    %ix/load 4, 0, 0;
    %flag_set/imm 4, 0;
    %store/vec4a v000002022ede61a0, 4, 0;
    %pushi/vec4 32, 0, 8;
    %ix/load 4, 1, 0;
    %flag_set/imm 4, 0;
    %store/vec4a v000002022ede61a0, 4, 0;
    %pushi/vec4 0, 0, 8;
    %ix/load 4, 2, 0;
    %flag_set/imm 4, 0;
    %store/vec4a v000002022ede61a0, 4, 0;
    %pushi/vec4 0, 0, 8;
    %ix/load 4, 3, 0;
    %flag_set/imm 4, 0;
    %store/vec4a v000002022ede61a0, 4, 0;
    %pushi/vec4 3, 0, 8;
    %ix/load 4, 4, 0;
    %flag_set/imm 4, 0;
    %store/vec4a v000002022ede61a0, 4, 0;
    %pushi/vec4 33, 0, 8;
    %ix/load 4, 5, 0;
    %flag_set/imm 4, 0;
    %store/vec4a v000002022ede61a0, 4, 0;
    %pushi/vec4 128, 0, 8;
    %ix/load 4, 6, 0;
    %flag_set/imm 4, 0;
    %store/vec4a v000002022ede61a0, 4, 0;
    %pushi/vec4 0, 0, 8;
    %ix/load 4, 7, 0;
    %flag_set/imm 4, 0;
    %store/vec4a v000002022ede61a0, 4, 0;
    %pushi/vec4 179, 0, 8;
    %ix/load 4, 8, 0;
    %flag_set/imm 4, 0;
    %store/vec4a v000002022ede61a0, 4, 0;
    %pushi/vec4 129, 0, 8;
    %ix/load 4, 9, 0;
    %flag_set/imm 4, 0;
    %store/vec4a v000002022ede61a0, 4, 0;
    %pushi/vec4 32, 0, 8;
    %ix/load 4, 10, 0;
    %flag_set/imm 4, 0;
    %store/vec4a v000002022ede61a0, 4, 0;
    %pushi/vec4 0, 0, 8;
    %ix/load 4, 11, 0;
    %flag_set/imm 4, 0;
    %store/vec4a v000002022ede61a0, 4, 0;
    %pushi/vec4 51, 0, 8;
    %ix/load 4, 12, 0;
    %flag_set/imm 4, 0;
    %store/vec4a v000002022ede61a0, 4, 0;
    %pushi/vec4 130, 0, 8;
    %ix/load 4, 13, 0;
    %flag_set/imm 4, 0;
    %store/vec4a v000002022ede61a0, 4, 0;
    %pushi/vec4 17, 0, 8;
    %ix/load 4, 14, 0;
    %flag_set/imm 4, 0;
    %store/vec4a v000002022ede61a0, 4, 0;
    %pushi/vec4 64, 0, 8;
    %ix/load 4, 15, 0;
    %flag_set/imm 4, 0;
    %store/vec4a v000002022ede61a0, 4, 0;
    %pushi/vec4 35, 0, 8;
    %ix/load 4, 16, 0;
    %flag_set/imm 4, 0;
    %store/vec4a v000002022ede61a0, 4, 0;
    %pushi/vec4 44, 0, 8;
    %ix/load 4, 17, 0;
    %flag_set/imm 4, 0;
    %store/vec4a v000002022ede61a0, 4, 0;
    %pushi/vec4 48, 0, 8;
    %ix/load 4, 18, 0;
    %flag_set/imm 4, 0;
    %store/vec4a v000002022ede61a0, 4, 0;
    %pushi/vec4 0, 0, 8;
    %ix/load 4, 19, 0;
    %flag_set/imm 4, 0;
    %store/vec4a v000002022ede61a0, 4, 0;
    %pushi/vec4 147, 0, 8;
    %ix/load 4, 20, 0;
    %flag_set/imm 4, 0;
    %store/vec4a v000002022ede61a0, 4, 0;
    %pushi/vec4 130, 0, 8;
    %ix/load 4, 21, 0;
    %flag_set/imm 4, 0;
    %store/vec4a v000002022ede61a0, 4, 0;
    %pushi/vec4 48, 0, 8;
    %ix/load 4, 22, 0;
    %flag_set/imm 4, 0;
    %store/vec4a v000002022ede61a0, 4, 0;
    %pushi/vec4 0, 0, 8;
    %ix/load 4, 23, 0;
    %flag_set/imm 4, 0;
    %store/vec4a v000002022ede61a0, 4, 0;
    %pushi/vec4 19, 0, 8;
    %ix/load 4, 24, 0;
    %flag_set/imm 4, 0;
    %store/vec4a v000002022ede61a0, 4, 0;
    %pushi/vec4 3, 0, 8;
    %ix/load 4, 25, 0;
    %flag_set/imm 4, 0;
    %store/vec4a v000002022ede61a0, 4, 0;
    %pushi/vec4 49, 0, 8;
    %ix/load 4, 26, 0;
    %flag_set/imm 4, 0;
    %store/vec4a v000002022ede61a0, 4, 0;
    %pushi/vec4 0, 0, 8;
    %ix/load 4, 27, 0;
    %flag_set/imm 4, 0;
    %store/vec4a v000002022ede61a0, 4, 0;
    %pushi/vec4 147, 0, 8;
    %ix/load 4, 28, 0;
    %flag_set/imm 4, 0;
    %store/vec4a v000002022ede61a0, 4, 0;
    %pushi/vec4 131, 0, 8;
    %ix/load 4, 29, 0;
    %flag_set/imm 4, 0;
    %store/vec4a v000002022ede61a0, 4, 0;
    %pushi/vec4 240, 0, 8;
    %ix/load 4, 30, 0;
    %flag_set/imm 4, 0;
    %store/vec4a v000002022ede61a0, 4, 0;
    %pushi/vec4 255, 0, 8;
    %ix/load 4, 31, 0;
    %flag_set/imm 4, 0;
    %store/vec4a v000002022ede61a0, 4, 0;
    %pushi/vec4 3, 0, 8;
    %ix/load 4, 32, 0;
    %flag_set/imm 4, 0;
    %store/vec4a v000002022ede61a0, 4, 0;
    %pushi/vec4 36, 0, 8;
    %ix/load 4, 33, 0;
    %flag_set/imm 4, 0;
    %store/vec4a v000002022ede61a0, 4, 0;
    %pushi/vec4 128, 0, 8;
    %ix/load 4, 34, 0;
    %flag_set/imm 4, 0;
    %store/vec4a v000002022ede61a0, 4, 0;
    %pushi/vec4 1, 0, 8;
    %ix/load 4, 35, 0;
    %flag_set/imm 4, 0;
    %store/vec4a v000002022ede61a0, 4, 0;
    %end;
    .thread T_0;
# The file index is used to find the file name in the following table.
:file_names 3;
    "N/A";
    "<interactive>";
    "InstructionMemory.v";
