#! /c/Source/iverilog-install/bin/vvp
:ivl_version "12.0 (devel)" "(s20150603-1539-g2693dd32b)";
:ivl_delay_selection "TYPICAL";
:vpi_time_precision + 0;
:vpi_module "C:\iverilog\lib\ivl\system.vpi";
:vpi_module "C:\iverilog\lib\ivl\vhdl_sys.vpi";
:vpi_module "C:\iverilog\lib\ivl\vhdl_textio.vpi";
:vpi_module "C:\iverilog\lib\ivl\v2005_math.vpi";
:vpi_module "C:\iverilog\lib\ivl\va_math.vpi";
S_000001db24da6160 .scope module, "PartialFullAdder1b" "PartialFullAdder1b" 2 7;
 .timescale 0 0;
    .port_info 0 /INPUT 1 "A";
    .port_info 1 /INPUT 1 "B";
    .port_info 2 /INPUT 1 "CIN";
    .port_info 3 /OUTPUT 1 "S";
    .port_info 4 /OUTPUT 1 "P";
    .port_info 5 /OUTPUT 1 "G";
o000001db24df6fd8 .functor BUFZ 1, C4<z>; HiZ drive
o000001db24df7008 .functor BUFZ 1, C4<z>; HiZ drive
L_000001db24da6b10 .functor XOR 1, o000001db24df6fd8, o000001db24df7008, C4<0>, C4<0>;
o000001db24df7038 .functor BUFZ 1, C4<z>; HiZ drive
L_000001db24dade00 .functor XOR 1, L_000001db24da6b10, o000001db24df7038, C4<0>, C4<0>;
L_000001db24dade70 .functor OR 1, o000001db24df6fd8, o000001db24df7008, C4<0>, C4<0>;
L_000001db24dadee0 .functor AND 1, o000001db24df6fd8, o000001db24df7008, C4<1>, C4<1>;
v000001db24da66d0_0 .net "A", 0 0, o000001db24df6fd8;  0 drivers
v000001db24da62f0_0 .net "B", 0 0, o000001db24df7008;  0 drivers
v000001db24da6390_0 .net "CIN", 0 0, o000001db24df7038;  0 drivers
v000001db24da6430_0 .net "G", 0 0, L_000001db24dadee0;  1 drivers
v000001db24dadc20_0 .net "P", 0 0, L_000001db24dade70;  1 drivers
v000001db24dadcc0_0 .net "S", 0 0, L_000001db24dade00;  1 drivers
v000001db24dadd60_0 .net "W1", 0 0, L_000001db24da6b10;  1 drivers
# The file index is used to find the file name in the following table.
:file_names 3;
    "N/A";
    "<interactive>";
    "./../ALU/PartialFullAdder1b_mod.v";
