#! /c/Source/iverilog-install/bin/vvp
:ivl_version "12.0 (devel)" "(s20150603-1539-g2693dd32b)";
:ivl_delay_selection "TYPICAL";
:vpi_time_precision - 9;
:vpi_module "C:\iverilog\lib\ivl\system.vpi";
:vpi_module "C:\iverilog\lib\ivl\vhdl_sys.vpi";
:vpi_module "C:\iverilog\lib\ivl\vhdl_textio.vpi";
:vpi_module "C:\iverilog\lib\ivl\v2005_math.vpi";
:vpi_module "C:\iverilog\lib\ivl\va_math.vpi";
S_00000238f287ead0 .scope module, "mux6x1_1b_tb" "mux6x1_1b_tb" 2 3;
 .timescale -9 -9;
v00000238f2928200_0 .var "BEQ", 0 0;
v00000238f29288e0_0 .var "BGE", 0 0;
v00000238f2928b60_0 .var "BGEU", 0 0;
v00000238f2929d80_0 .var "BLT", 0 0;
v00000238f2929ec0_0 .var "BLTU", 0 0;
v00000238f2928d40_0 .var "BNE", 0 0;
v00000238f2928340_0 .var "funct3", 2 0;
v00000238f29283e0_0 .net "selectedFlag", 0 0, L_00000238f28bb220;  1 drivers
S_00000238f287ec60 .scope module, "UUT" "mux6x1_1b" 2 11, 3 1 0, S_00000238f287ead0;
 .timescale 0 0;
    .port_info 0 /INPUT 1 "BEQ";
    .port_info 1 /INPUT 1 "BNE";
    .port_info 2 /INPUT 1 "BLT";
    .port_info 3 /INPUT 1 "BGE";
    .port_info 4 /INPUT 1 "BLTU";
    .port_info 5 /INPUT 1 "BGEU";
    .port_info 6 /INPUT 3 "funct3";
    .port_info 7 /OUTPUT 1 "selectedFlag";
L_00000238f28bad50 .functor AND 1, L_00000238f28bace0, L_00000238f28badc0, L_00000238f28bb140, v00000238f2928200_0;
L_00000238f28bace0 .functor NOT 1, L_00000238f2928de0, C4<0>, C4<0>, C4<0>;
L_00000238f28badc0 .functor NOT 1, L_00000238f2928f20, C4<0>, C4<0>, C4<0>;
L_00000238f28bb140 .functor NOT 1, L_00000238f2929060, C4<0>, C4<0>, C4<0>;
L_00000238f28bab90 .functor AND 1, L_00000238f28bb060, L_00000238f28bac00, L_00000238f29294c0, v00000238f2928d40_0;
L_00000238f28bb060 .functor NOT 1, L_00000238f2929240, C4<0>, C4<0>, C4<0>;
L_00000238f28bac00 .functor NOT 1, L_00000238f29292e0, C4<0>, C4<0>, C4<0>;
L_00000238f28bac70 .functor AND 1, L_00000238f29296a0, L_00000238f28baf80, L_00000238f28bae30, v00000238f2929d80_0;
L_00000238f28baf80 .functor NOT 1, L_00000238f2929740, C4<0>, C4<0>, C4<0>;
L_00000238f28bae30 .functor NOT 1, L_00000238f29297e0, C4<0>, C4<0>, C4<0>;
L_00000238f28bb1b0 .functor AND 1, L_00000238f292cd10, L_00000238f28baea0, L_00000238f292c270, v00000238f29288e0_0;
L_00000238f28baea0 .functor NOT 1, L_00000238f292beb0, C4<0>, C4<0>, C4<0>;
L_00000238f28bb0d0 .functor AND 1, L_00000238f292c450, L_00000238f292c130, L_00000238f28baf10, v00000238f2929ec0_0;
L_00000238f28baf10 .functor NOT 1, L_00000238f292c950, C4<0>, C4<0>, C4<0>;
L_00000238f28baff0 .functor AND 1, L_00000238f292c8b0, L_00000238f292b690, L_00000238f292be10, v00000238f2928b60_0;
L_00000238f28bb220/0/0 .functor OR 1, L_00000238f28bad50, L_00000238f28bab90, L_00000238f28bac70, L_00000238f28bb1b0;
L_00000238f28bb220/0/4 .functor OR 1, L_00000238f28bb0d0, L_00000238f28baff0, C4<0>, C4<0>;
L_00000238f28bb220 .functor OR 1, L_00000238f28bb220/0/0, L_00000238f28bb220/0/4, C4<0>, C4<0>;
v00000238f28b8bc0_0 .net "BEQ", 0 0, v00000238f2928200_0;  1 drivers
v00000238f28b8c60_0 .net "BGE", 0 0, v00000238f29288e0_0;  1 drivers
v00000238f28b8d00_0 .net "BGEU", 0 0, v00000238f2928b60_0;  1 drivers
v00000238f28b8120_0 .net "BLT", 0 0, v00000238f2929d80_0;  1 drivers
v00000238f28b81c0_0 .net "BLTU", 0 0, v00000238f2929ec0_0;  1 drivers
v00000238f28b8da0_0 .net "BNE", 0 0, v00000238f2928d40_0;  1 drivers
v00000238f28b8e40_0 .net *"_ivl_10", 0 0, L_00000238f2929060;  1 drivers
v00000238f28b8ee0_0 .net *"_ivl_11", 0 0, L_00000238f28bb140;  1 drivers
v00000238f2929b00_0 .net *"_ivl_15", 0 0, L_00000238f2929240;  1 drivers
v00000238f2928520_0 .net *"_ivl_16", 0 0, L_00000238f28bb060;  1 drivers
v00000238f29280c0_0 .net *"_ivl_19", 0 0, L_00000238f29292e0;  1 drivers
v00000238f2929100_0 .net *"_ivl_2", 0 0, L_00000238f2928de0;  1 drivers
v00000238f29291a0_0 .net *"_ivl_20", 0 0, L_00000238f28bac00;  1 drivers
v00000238f2928480_0 .net *"_ivl_23", 0 0, L_00000238f29294c0;  1 drivers
v00000238f2928660_0 .net *"_ivl_26", 0 0, L_00000238f29296a0;  1 drivers
v00000238f29299c0_0 .net *"_ivl_28", 0 0, L_00000238f2929740;  1 drivers
v00000238f2929600_0 .net *"_ivl_29", 0 0, L_00000238f28baf80;  1 drivers
v00000238f2929ce0_0 .net *"_ivl_3", 0 0, L_00000238f28bace0;  1 drivers
v00000238f2928840_0 .net *"_ivl_32", 0 0, L_00000238f29297e0;  1 drivers
v00000238f2928980_0 .net *"_ivl_33", 0 0, L_00000238f28bae30;  1 drivers
v00000238f29282a0_0 .net *"_ivl_37", 0 0, L_00000238f292cd10;  1 drivers
v00000238f2928e80_0 .net *"_ivl_39", 0 0, L_00000238f292beb0;  1 drivers
v00000238f2928c00_0 .net *"_ivl_40", 0 0, L_00000238f28baea0;  1 drivers
v00000238f2928700_0 .net *"_ivl_43", 0 0, L_00000238f292c270;  1 drivers
v00000238f2929880_0 .net *"_ivl_46", 0 0, L_00000238f292c450;  1 drivers
v00000238f29287a0_0 .net *"_ivl_48", 0 0, L_00000238f292c130;  1 drivers
v00000238f2928ac0_0 .net *"_ivl_50", 0 0, L_00000238f292c950;  1 drivers
v00000238f2929560_0 .net *"_ivl_51", 0 0, L_00000238f28baf10;  1 drivers
v00000238f2929420_0 .net *"_ivl_55", 0 0, L_00000238f292c8b0;  1 drivers
v00000238f2929380_0 .net *"_ivl_57", 0 0, L_00000238f292b690;  1 drivers
v00000238f2929f60_0 .net *"_ivl_59", 0 0, L_00000238f292be10;  1 drivers
v00000238f2929a60_0 .net *"_ivl_6", 0 0, L_00000238f2928f20;  1 drivers
v00000238f2928ca0_0 .net *"_ivl_7", 0 0, L_00000238f28badc0;  1 drivers
v00000238f2929c40_0 .net "funct3", 2 0, v00000238f2928340_0;  1 drivers
v00000238f2929ba0_0 .net "isBEQ", 0 0, L_00000238f28bad50;  1 drivers
v00000238f2928fc0_0 .net "isBGE", 0 0, L_00000238f28bb1b0;  1 drivers
v00000238f2929920_0 .net "isBGEU", 0 0, L_00000238f28baff0;  1 drivers
v00000238f2929e20_0 .net "isBLT", 0 0, L_00000238f28bac70;  1 drivers
v00000238f29285c0_0 .net "isBLTU", 0 0, L_00000238f28bb0d0;  1 drivers
v00000238f2928160_0 .net "isBNE", 0 0, L_00000238f28bab90;  1 drivers
v00000238f2928a20_0 .net "selectedFlag", 0 0, L_00000238f28bb220;  alias, 1 drivers
L_00000238f2928de0 .part v00000238f2928340_0, 2, 1;
L_00000238f2928f20 .part v00000238f2928340_0, 1, 1;
L_00000238f2929060 .part v00000238f2928340_0, 0, 1;
L_00000238f2929240 .part v00000238f2928340_0, 2, 1;
L_00000238f29292e0 .part v00000238f2928340_0, 1, 1;
L_00000238f29294c0 .part v00000238f2928340_0, 0, 1;
L_00000238f29296a0 .part v00000238f2928340_0, 2, 1;
L_00000238f2929740 .part v00000238f2928340_0, 1, 1;
L_00000238f29297e0 .part v00000238f2928340_0, 0, 1;
L_00000238f292cd10 .part v00000238f2928340_0, 2, 1;
L_00000238f292beb0 .part v00000238f2928340_0, 1, 1;
L_00000238f292c270 .part v00000238f2928340_0, 0, 1;
L_00000238f292c450 .part v00000238f2928340_0, 2, 1;
L_00000238f292c130 .part v00000238f2928340_0, 1, 1;
L_00000238f292c950 .part v00000238f2928340_0, 0, 1;
L_00000238f292c8b0 .part v00000238f2928340_0, 2, 1;
L_00000238f292b690 .part v00000238f2928340_0, 1, 1;
L_00000238f292be10 .part v00000238f2928340_0, 0, 1;
    .scope S_00000238f287ead0;
T_0 ;
    %vpi_call 2 15 "$monitor", "[%t] BEQ = %b BNE = %b BLT = %b BGE = %b BLTU = %b BGEU = %b funct3 = %d selectedFlag = %b", $time, v00000238f2928200_0, v00000238f2928d40_0, v00000238f2929d80_0, v00000238f29288e0_0, v00000238f2929ec0_0, v00000238f2928b60_0, v00000238f2928340_0, v00000238f29283e0_0 {0 0 0};
    %pushi/vec4 0, 0, 3;
    %assign/vec4 v00000238f2928340_0, 0;
    %pushi/vec4 0, 0, 1;
    %assign/vec4 v00000238f2928200_0, 0;
    %pushi/vec4 0, 0, 1;
    %assign/vec4 v00000238f2928d40_0, 0;
    %pushi/vec4 0, 0, 1;
    %assign/vec4 v00000238f2929d80_0, 0;
    %pushi/vec4 0, 0, 1;
    %assign/vec4 v00000238f29288e0_0, 0;
    %pushi/vec4 0, 0, 1;
    %assign/vec4 v00000238f2929ec0_0, 0;
    %pushi/vec4 0, 0, 1;
    %assign/vec4 v00000238f2928b60_0, 0;
    %delay 10, 0;
    %pushi/vec4 0, 0, 3;
    %assign/vec4 v00000238f2928340_0, 0;
    %pushi/vec4 1, 0, 1;
    %assign/vec4 v00000238f2928200_0, 0;
    %pushi/vec4 0, 0, 1;
    %assign/vec4 v00000238f2928d40_0, 0;
    %pushi/vec4 0, 0, 1;
    %assign/vec4 v00000238f2929d80_0, 0;
    %pushi/vec4 0, 0, 1;
    %assign/vec4 v00000238f29288e0_0, 0;
    %pushi/vec4 0, 0, 1;
    %assign/vec4 v00000238f2929ec0_0, 0;
    %pushi/vec4 0, 0, 1;
    %assign/vec4 v00000238f2928b60_0, 0;
    %delay 10, 0;
    %pushi/vec4 1, 0, 3;
    %assign/vec4 v00000238f2928340_0, 0;
    %pushi/vec4 0, 0, 1;
    %assign/vec4 v00000238f2928200_0, 0;
    %pushi/vec4 1, 0, 1;
    %assign/vec4 v00000238f2928d40_0, 0;
    %pushi/vec4 0, 0, 1;
    %assign/vec4 v00000238f2929d80_0, 0;
    %pushi/vec4 0, 0, 1;
    %assign/vec4 v00000238f29288e0_0, 0;
    %pushi/vec4 0, 0, 1;
    %assign/vec4 v00000238f2929ec0_0, 0;
    %pushi/vec4 0, 0, 1;
    %assign/vec4 v00000238f2928b60_0, 0;
    %delay 10, 0;
    %pushi/vec4 2, 0, 3;
    %assign/vec4 v00000238f2928340_0, 0;
    %pushi/vec4 0, 0, 1;
    %assign/vec4 v00000238f2928200_0, 0;
    %pushi/vec4 0, 0, 1;
    %assign/vec4 v00000238f2928d40_0, 0;
    %pushi/vec4 1, 0, 1;
    %assign/vec4 v00000238f2929d80_0, 0;
    %pushi/vec4 0, 0, 1;
    %assign/vec4 v00000238f29288e0_0, 0;
    %pushi/vec4 0, 0, 1;
    %assign/vec4 v00000238f2929ec0_0, 0;
    %pushi/vec4 0, 0, 1;
    %assign/vec4 v00000238f2928b60_0, 0;
    %delay 10, 0;
    %pushi/vec4 3, 0, 3;
    %assign/vec4 v00000238f2928340_0, 0;
    %pushi/vec4 0, 0, 1;
    %assign/vec4 v00000238f2928200_0, 0;
    %pushi/vec4 0, 0, 1;
    %assign/vec4 v00000238f2928d40_0, 0;
    %pushi/vec4 0, 0, 1;
    %assign/vec4 v00000238f2929d80_0, 0;
    %pushi/vec4 1, 0, 1;
    %assign/vec4 v00000238f29288e0_0, 0;
    %pushi/vec4 0, 0, 1;
    %assign/vec4 v00000238f2929ec0_0, 0;
    %pushi/vec4 0, 0, 1;
    %assign/vec4 v00000238f2928b60_0, 0;
    %delay 10, 0;
    %pushi/vec4 4, 0, 3;
    %assign/vec4 v00000238f2928340_0, 0;
    %pushi/vec4 0, 0, 1;
    %assign/vec4 v00000238f2928200_0, 0;
    %pushi/vec4 0, 0, 1;
    %assign/vec4 v00000238f2928d40_0, 0;
    %pushi/vec4 0, 0, 1;
    %assign/vec4 v00000238f2929d80_0, 0;
    %pushi/vec4 0, 0, 1;
    %assign/vec4 v00000238f29288e0_0, 0;
    %pushi/vec4 1, 0, 1;
    %assign/vec4 v00000238f2929ec0_0, 0;
    %pushi/vec4 0, 0, 1;
    %assign/vec4 v00000238f2928b60_0, 0;
    %delay 10, 0;
    %pushi/vec4 5, 0, 3;
    %assign/vec4 v00000238f2928340_0, 0;
    %pushi/vec4 0, 0, 1;
    %assign/vec4 v00000238f2928200_0, 0;
    %pushi/vec4 0, 0, 1;
    %assign/vec4 v00000238f2928d40_0, 0;
    %pushi/vec4 0, 0, 1;
    %assign/vec4 v00000238f2929d80_0, 0;
    %pushi/vec4 0, 0, 1;
    %assign/vec4 v00000238f29288e0_0, 0;
    %pushi/vec4 0, 0, 1;
    %assign/vec4 v00000238f2929ec0_0, 0;
    %pushi/vec4 1, 0, 1;
    %assign/vec4 v00000238f2928b60_0, 0;
    %delay 10, 0;
    %vpi_call 2 66 "$finish" {0 0 0};
    %end;
    .thread T_0;
# The file index is used to find the file name in the following table.
:file_names 4;
    "N/A";
    "<interactive>";
    "mux6x1_1b_tb.v";
    "mux6x1_1b.v";
