#! /c/Source/iverilog-install/bin/vvp
:ivl_version "12.0 (devel)" "(s20150603-1539-g2693dd32b)";
:ivl_delay_selection "TYPICAL";
:vpi_time_precision + 0;
:vpi_module "C:\iverilog\lib\ivl\system.vpi";
:vpi_module "C:\iverilog\lib\ivl\vhdl_sys.vpi";
:vpi_module "C:\iverilog\lib\ivl\vhdl_textio.vpi";
:vpi_module "C:\iverilog\lib\ivl\v2005_math.vpi";
:vpi_module "C:\iverilog\lib\ivl\va_math.vpi";
S_0000024af9946010 .scope module, "reg_parametrizado" "reg_parametrizado" 2 2;
 .timescale 0 0;
    .port_info 0 /INPUT 1 "clk";
    .port_info 1 /INPUT 1 "load";
    .port_info 2 /INPUT 64 "in_data";
    .port_info 3 /OUTPUT 64 "out_data";
P_0000024af99482c0 .param/l "BITS" 0 2 8, +C4<00000000000000000000000001000000>;
L_0000024af99469e0 .functor BUFZ 64, v0000024af9946380_0, C4<0000000000000000000000000000000000000000000000000000000000000000>, C4<0000000000000000000000000000000000000000000000000000000000000000>, C4<0000000000000000000000000000000000000000000000000000000000000000>;
o0000024af9996f88 .functor BUFZ 1, C4<z>; HiZ drive
v0000024af9946860_0 .net "clk", 0 0, o0000024af9996f88;  0 drivers
o0000024af9996fb8 .functor BUFZ 64, C4<zzzzzzzzzzzzzzzzzzzzzzzzzzzzzzzzzzzzzzzzzzzzzzzzzzzzzzzzzzzzzzzz>; HiZ drive
v0000024af99461a0_0 .net "in_data", 63 0, o0000024af9996fb8;  0 drivers
o0000024af9996fe8 .functor BUFZ 1, C4<z>; HiZ drive
v0000024af9946240_0 .net "load", 0 0, o0000024af9996fe8;  0 drivers
v0000024af99462e0_0 .net "out_data", 63 0, L_0000024af99469e0;  1 drivers
v0000024af9946380_0 .var "register", 63 0;
E_0000024af9948980 .event posedge, v0000024af9946860_0;
    .scope S_0000024af9946010;
T_0 ;
    %wait E_0000024af9948980;
    %load/vec4 v0000024af9946240_0;
    %flag_set/vec4 8;
    %jmp/0xz  T_0.0, 8;
    %load/vec4 v0000024af99461a0_0;
    %assign/vec4 v0000024af9946380_0, 0;
T_0.0 ;
    %jmp T_0;
    .thread T_0;
# The file index is used to find the file name in the following table.
:file_names 3;
    "N/A";
    "<interactive>";
    "reg_parametrizado.v";
