#! /c/Source/iverilog-install/bin/vvp
:ivl_version "12.0 (devel)" "(s20150603-1539-g2693dd32b)";
:ivl_delay_selection "TYPICAL";
:vpi_time_precision - 10;
:vpi_module "C:\iverilog\lib\ivl\system.vpi";
:vpi_module "C:\iverilog\lib\ivl\vhdl_sys.vpi";
:vpi_module "C:\iverilog\lib\ivl\vhdl_textio.vpi";
:vpi_module "C:\iverilog\lib\ivl\v2005_math.vpi";
:vpi_module "C:\iverilog\lib\ivl\va_math.vpi";
S_0000024f4da0ab30 .scope module, "PartialFullAdder1b_TB" "PartialFullAdder1b_TB" 2 6;
 .timescale -9 -10;
v0000024f4da463c0_0 .var "A", 0 0;
v0000024f4daa8840_0 .var "B", 0 0;
v0000024f4daa88e0_0 .var "CIN", 0 0;
v0000024f4da51190_0 .net "G", 0 0, L_0000024f4da51f30;  1 drivers
v0000024f4da51370_0 .net "P", 0 0, L_0000024f4da521d0;  1 drivers
v0000024f4da51410_0 .net "S", 0 0, L_0000024f4da06ad0;  1 drivers
v0000024f4da514b0_0 .var "correctG", 0 0;
v0000024f4da51af0_0 .var "correctP", 0 0;
v0000024f4da510f0_0 .var "correctS", 0 0;
v0000024f4da51b90_0 .var/i "errors", 31 0;
v0000024f4da51a50_0 .var/i "i", 31 0;
v0000024f4da50fb0_0 .var/i "j", 31 0;
S_0000024f4da56900 .scope task, "Check" "Check" 2 12, 2 12 0, S_0000024f4da0ab30;
 .timescale -9 -10;
v0000024f4da06690_0 .var "xpectG", 0 0;
v0000024f4da06410_0 .var "xpectP", 0 0;
v0000024f4da56a90_0 .var "xpectS", 0 0;
TD_PartialFullAdder1b_TB.Check ;
    %load/vec4 v0000024f4da51410_0;
    %load/vec4 v0000024f4da56a90_0;
    %cmp/ne;
    %jmp/0xz  T_0.0, 4;
    %vpi_call 2 16 "$display", "Error A: %b, B: %b, expected %b, got S: %b", v0000024f4da463c0_0, v0000024f4daa8840_0, v0000024f4da56a90_0, v0000024f4da51410_0 {0 0 0};
    %load/vec4 v0000024f4da51b90_0;
    %addi 1, 0, 32;
    %store/vec4 v0000024f4da51b90_0, 0, 32;
T_0.0 ;
    %load/vec4 v0000024f4da51370_0;
    %load/vec4 v0000024f4da06410_0;
    %cmp/ne;
    %jmp/0xz  T_0.2, 4;
    %vpi_call 2 20 "$display", "Error A: %b, B: %b, expected %b, got P: %b", v0000024f4da463c0_0, v0000024f4daa8840_0, v0000024f4da06410_0, v0000024f4da51370_0 {0 0 0};
    %load/vec4 v0000024f4da51b90_0;
    %addi 1, 0, 32;
    %store/vec4 v0000024f4da51b90_0, 0, 32;
T_0.2 ;
    %load/vec4 v0000024f4da51190_0;
    %load/vec4 v0000024f4da06690_0;
    %cmp/ne;
    %jmp/0xz  T_0.4, 4;
    %vpi_call 2 24 "$display", "Error A: %b, B: %b, expected %b, got G: %b", v0000024f4da463c0_0, v0000024f4daa8840_0, v0000024f4da06690_0, v0000024f4da51190_0 {0 0 0};
    %load/vec4 v0000024f4da51b90_0;
    %addi 1, 0, 32;
    %store/vec4 v0000024f4da51b90_0, 0, 32;
T_0.4 ;
    %end;
S_0000024f4da56b30 .scope module, "UUT" "PartialFullAdder1b" 2 31, 3 7 0, S_0000024f4da0ab30;
 .timescale 0 0;
    .port_info 0 /INPUT 1 "A";
    .port_info 1 /INPUT 1 "B";
    .port_info 2 /INPUT 1 "CIN";
    .port_info 3 /OUTPUT 1 "S";
    .port_info 4 /OUTPUT 1 "P";
    .port_info 5 /OUTPUT 1 "G";
L_0000024f4da46460 .functor XOR 1, v0000024f4da463c0_0, v0000024f4daa8840_0, C4<0>, C4<0>;
L_0000024f4da06ad0 .functor XOR 1, L_0000024f4da46460, v0000024f4daa88e0_0, C4<0>, C4<0>;
L_0000024f4da521d0 .functor OR 1, v0000024f4da463c0_0, v0000024f4daa8840_0, C4<0>, C4<0>;
L_0000024f4da51f30 .functor AND 1, v0000024f4da463c0_0, v0000024f4daa8840_0, C4<1>, C4<1>;
v0000024f4da56cc0_0 .net "A", 0 0, v0000024f4da463c0_0;  1 drivers
v0000024f4da46000_0 .net "B", 0 0, v0000024f4daa8840_0;  1 drivers
v0000024f4da460a0_0 .net "CIN", 0 0, v0000024f4daa88e0_0;  1 drivers
v0000024f4da46140_0 .net "G", 0 0, L_0000024f4da51f30;  alias, 1 drivers
v0000024f4da461e0_0 .net "P", 0 0, L_0000024f4da521d0;  alias, 1 drivers
v0000024f4da46280_0 .net "S", 0 0, L_0000024f4da06ad0;  alias, 1 drivers
v0000024f4da46320_0 .net "W1", 0 0, L_0000024f4da46460;  1 drivers
    .scope S_0000024f4da0ab30;
T_1 ;
    %pushi/vec4 0, 0, 32;
    %store/vec4 v0000024f4da51b90_0, 0, 32;
    %pushi/vec4 1, 0, 1;
    %store/vec4 v0000024f4daa88e0_0, 0, 1;
    %pushi/vec4 0, 0, 32;
    %store/vec4 v0000024f4da51a50_0, 0, 32;
T_1.0 ;
    %load/vec4 v0000024f4da51a50_0;
    %cmpi/s 2, 0, 32;
    %jmp/0xz T_1.1, 5;
    %pushi/vec4 0, 0, 32;
    %store/vec4 v0000024f4da50fb0_0, 0, 32;
T_1.2 ;
    %load/vec4 v0000024f4da50fb0_0;
    %cmpi/s 2, 0, 32;
    %jmp/0xz T_1.3, 5;
    %load/vec4 v0000024f4da51a50_0;
    %pad/s 1;
    %store/vec4 v0000024f4da463c0_0, 0, 1;
    %load/vec4 v0000024f4da50fb0_0;
    %pad/s 1;
    %store/vec4 v0000024f4daa8840_0, 0, 1;
    %load/vec4 v0000024f4da463c0_0;
    %load/vec4 v0000024f4daa8840_0;
    %add;
    %load/vec4 v0000024f4daa88e0_0;
    %add;
    %store/vec4 v0000024f4da510f0_0, 0, 1;
    %load/vec4 v0000024f4da463c0_0;
    %load/vec4 v0000024f4daa8840_0;
    %or;
    %store/vec4 v0000024f4da51af0_0, 0, 1;
    %load/vec4 v0000024f4da463c0_0;
    %load/vec4 v0000024f4daa8840_0;
    %and;
    %store/vec4 v0000024f4da514b0_0, 0, 1;
    %delay 100, 0;
    %vpi_call 2 46 "$display", "A: %b, B: %b, CIN: %b correctS: %b, correctP: %b, correctG: %b ", v0000024f4da463c0_0, v0000024f4daa8840_0, v0000024f4daa88e0_0, v0000024f4da510f0_0, v0000024f4da51af0_0, v0000024f4da514b0_0 {0 0 0};
    %load/vec4 v0000024f4da510f0_0;
    %store/vec4 v0000024f4da56a90_0, 0, 1;
    %load/vec4 v0000024f4da51af0_0;
    %store/vec4 v0000024f4da06410_0, 0, 1;
    %load/vec4 v0000024f4da514b0_0;
    %store/vec4 v0000024f4da06690_0, 0, 1;
    %fork TD_PartialFullAdder1b_TB.Check, S_0000024f4da56900;
    %join;
    %load/vec4 v0000024f4da50fb0_0;
    %addi 1, 0, 32;
    %store/vec4 v0000024f4da50fb0_0, 0, 32;
    %jmp T_1.2;
T_1.3 ;
    %load/vec4 v0000024f4da51a50_0;
    %addi 1, 0, 32;
    %store/vec4 v0000024f4da51a50_0, 0, 32;
    %jmp T_1.0;
T_1.1 ;
    %vpi_call 2 49 "$display", "Finished, got %2d errors", v0000024f4da51b90_0 {0 0 0};
    %end;
    .thread T_1;
# The file index is used to find the file name in the following table.
:file_names 4;
    "N/A";
    "<interactive>";
    "PartialFullAdder1b_test.v";
    "PartialFullAdder1b_mod.v";
